[2018-12-19 13:17:10] local.INFO: Request: {"class":"Admin","method":"queue"} 
[2018-12-19 13:17:10] local.INFO: User_Agent: {"QUERY_STRING":"","REQUEST_METHOD":"GET","REQUEST_URI":"/Admin/queue","SERVER_PROTOCOL":"HTTP/1.1","SERVER_SOFTWARE":"workerman/3.5.16","SERVER_NAME":"127.0.0.1","HTTP_HOST":"127.0.0.1:8282","HTTP_USER_AGENT":"Mozilla/5.0 (Windows NT 6.1; Win64; x64) AppleWebKit/537.36 (KHTML, like Gecko) Chrome/70.0.3538.110 Safari/537.36","HTTP_ACCEPT":"text/html,application/xhtml+xml,application/xml;q=0.9,image/webp,image/apng,*/*;q=0.8","HTTP_ACCEPT_LANGUAGE":"zh-CN,zh;q=0.9","HTTP_ACCEPT_ENCODING":"gzip, deflate, br","HTTP_COOKIE":"","HTTP_CONNECTION":"keep-alive","CONTENT_TYPE":"","REMOTE_ADDR":"127.0.0.1","REMOTE_PORT":51335,"REQUEST_TIME":1545225430,"SERVER_PORT":"8282","HTTP_CACHE_CONTROL":"max-age=0","HTTP_UPGRADE_INSECURE_REQUESTS":"1"} 
[2018-12-19 13:17:10] local.INFO: Params:  
[2018-12-19 13:17:10] local.INFO: Response: {"code":200,"message":"成功"} 
[2018-12-19 13:17:10] local.ERROR: Job Run Error: ["error"] 
[2018-12-19 13:17:31] local.ERROR: Job Run Error: ["error"] 
[2018-12-19 13:17:37] local.INFO: Request: {"class":"Admin","method":"queue"} 
[2018-12-19 13:17:37] local.INFO: User_Agent: {"QUERY_STRING":"","REQUEST_METHOD":"GET","REQUEST_URI":"/Admin/queue","SERVER_PROTOCOL":"HTTP/1.1","SERVER_SOFTWARE":"workerman/3.5.16","SERVER_NAME":"127.0.0.1","HTTP_HOST":"127.0.0.1:8282","HTTP_USER_AGENT":"Mozilla/5.0 (Windows NT 6.1; Win64; x64) AppleWebKit/537.36 (KHTML, like Gecko) Chrome/70.0.3538.110 Safari/537.36","HTTP_ACCEPT":"text/html,application/xhtml+xml,application/xml;q=0.9,image/webp,image/apng,*/*;q=0.8","HTTP_ACCEPT_LANGUAGE":"zh-CN,zh;q=0.9","HTTP_ACCEPT_ENCODING":"gzip, deflate, br","HTTP_COOKIE":"","HTTP_CONNECTION":"keep-alive","CONTENT_TYPE":"","REMOTE_ADDR":"127.0.0.1","REMOTE_PORT":51354,"REQUEST_TIME":1545225457,"SERVER_PORT":"8282","HTTP_CACHE_CONTROL":"max-age=0","HTTP_UPGRADE_INSECURE_REQUESTS":"1"} 
[2018-12-19 13:17:37] local.INFO: Params:  
[2018-12-19 13:17:37] local.INFO: Response: {"code":200,"message":"成功"} 
[2018-12-19 13:17:37] local.ERROR: Job Run Error: ["error"] 
[2018-12-19 13:18:10] local.ERROR: Job Run Error: ["error"] 
[2018-12-19 13:18:31] local.ERROR: Job Run Error: ["error"] 
[2018-12-19 13:18:37] local.ERROR: Job Run Error: ["error"] 
[2018-12-19 13:19:10] local.ERROR: Job Run Error: ["error"] 
[2018-12-19 13:19:31] local.ERROR: Job Run Error: ["error"] 
[2018-12-19 13:19:37] local.ERROR: Job Run Error: ["error"] 
[2018-12-19 13:20:10] local.ERROR: Job Run Error: ["error"] 
[2018-12-19 13:20:31] local.ERROR: Job Run Error: ["error"] 
[2018-12-19 13:20:37] local.ERROR: Job Run Error: ["error"] 
[2018-12-19 13:21:13] local.ERROR: Job Run Error: ["error"] 
[2018-12-19 13:21:31] local.ERROR: Job Run Error: ["error"] 
[2018-12-19 13:24:17] local.INFO: Request: {"class":"Admin","method":"queue"} 
[2018-12-19 13:24:17] local.INFO: User_Agent: {"QUERY_STRING":"","REQUEST_METHOD":"GET","REQUEST_URI":"/Admin/queue","SERVER_PROTOCOL":"HTTP/1.1","SERVER_SOFTWARE":"workerman/3.5.16","SERVER_NAME":"127.0.0.1","HTTP_HOST":"127.0.0.1:8282","HTTP_USER_AGENT":"Mozilla/5.0 (Windows NT 6.1; Win64; x64) AppleWebKit/537.36 (KHTML, like Gecko) Chrome/70.0.3538.110 Safari/537.36","HTTP_ACCEPT":"text/html,application/xhtml+xml,application/xml;q=0.9,image/webp,image/apng,*/*;q=0.8","HTTP_ACCEPT_LANGUAGE":"zh-CN,zh;q=0.9","HTTP_ACCEPT_ENCODING":"gzip, deflate, br","HTTP_COOKIE":"","HTTP_CONNECTION":"keep-alive","CONTENT_TYPE":"","REMOTE_ADDR":"127.0.0.1","REMOTE_PORT":51528,"REQUEST_TIME":1545225857,"SERVER_PORT":"8282","HTTP_CACHE_CONTROL":"max-age=0","HTTP_UPGRADE_INSECURE_REQUESTS":"1"} 
[2018-12-19 13:24:17] local.INFO: Params:  
[2018-12-19 13:24:17] local.INFO: Response: {"code":200,"message":"成功"} 
[2018-12-19 13:24:17] local.ERROR: Job Run Error: ["error"] 
[2018-12-19 13:25:12] local.INFO: Request: {"class":"Admin","method":"queue"} 
[2018-12-19 13:25:12] local.INFO: User_Agent: {"QUERY_STRING":"","REQUEST_METHOD":"GET","REQUEST_URI":"/Admin/queue","SERVER_PROTOCOL":"HTTP/1.1","SERVER_SOFTWARE":"workerman/3.5.16","SERVER_NAME":"127.0.0.1","HTTP_HOST":"127.0.0.1:8282","HTTP_USER_AGENT":"Mozilla/5.0 (Windows NT 6.1; Win64; x64) AppleWebKit/537.36 (KHTML, like Gecko) Chrome/70.0.3538.110 Safari/537.36","HTTP_ACCEPT":"text/html,application/xhtml+xml,application/xml;q=0.9,image/webp,image/apng,*/*;q=0.8","HTTP_ACCEPT_LANGUAGE":"zh-CN,zh;q=0.9","HTTP_ACCEPT_ENCODING":"gzip, deflate, br","HTTP_COOKIE":"","HTTP_CONNECTION":"keep-alive","CONTENT_TYPE":"","REMOTE_ADDR":"127.0.0.1","REMOTE_PORT":51559,"REQUEST_TIME":1545225912,"SERVER_PORT":"8282","HTTP_CACHE_CONTROL":"max-age=0","HTTP_UPGRADE_INSECURE_REQUESTS":"1"} 
[2018-12-19 13:25:12] local.INFO: Params:  
[2018-12-19 13:25:12] local.INFO: Response: {"code":200,"message":"成功"} 
[2018-12-19 13:25:12] local.ERROR: Job Run Error: ["error"] 
[2018-12-19 13:25:17] local.ERROR: Job Run Error: ["error"] 
[2018-12-19 13:27:52] local.ERROR: Job Run Error: ["error"] 
[2018-12-19 13:27:53] local.ERROR: Job Run Error: ["error"] 
[2018-12-19 13:28:52] local.ERROR: Job Run Error: ["error"] 
[2018-12-19 13:28:53] local.ERROR: Job Run Error: ["error"] 
[2018-12-19 13:29:25] local.INFO: Request: {"class":"Admin","method":"queue"} 
[2018-12-19 13:29:25] local.INFO: User_Agent: {"QUERY_STRING":"","REQUEST_METHOD":"GET","REQUEST_URI":"/Admin/queue","SERVER_PROTOCOL":"HTTP/1.1","SERVER_SOFTWARE":"workerman/3.5.16","SERVER_NAME":"127.0.0.1","HTTP_HOST":"127.0.0.1:8282","HTTP_USER_AGENT":"Mozilla/5.0 (Windows NT 6.1; Win64; x64) AppleWebKit/537.36 (KHTML, like Gecko) Chrome/70.0.3538.110 Safari/537.36","HTTP_ACCEPT":"text/html,application/xhtml+xml,application/xml;q=0.9,image/webp,image/apng,*/*;q=0.8","HTTP_ACCEPT_LANGUAGE":"zh-CN,zh;q=0.9","HTTP_ACCEPT_ENCODING":"gzip, deflate, br","HTTP_COOKIE":"","HTTP_CONNECTION":"keep-alive","CONTENT_TYPE":"","REMOTE_ADDR":"127.0.0.1","REMOTE_PORT":51657,"REQUEST_TIME":1545226165,"SERVER_PORT":"8282","HTTP_CACHE_CONTROL":"max-age=0","HTTP_UPGRADE_INSECURE_REQUESTS":"1"} 
[2018-12-19 13:29:25] local.INFO: Params:  
[2018-12-19 13:29:25] local.INFO: Response: {"code":200,"message":"成功"} 
[2018-12-19 13:30:28] local.ERROR: Job Run Error: ["error"] 
[2018-12-19 13:30:29] local.ERROR: Job Run Error: ["error"] 
[2018-12-19 13:30:29] local.ERROR: Job Run Error: ["error"] 
[2018-12-19 13:31:28] local.ERROR: Job Run Error: ["error"] 
[2018-12-19 13:31:29] local.ERROR: Job Run Error: ["error"] 
[2018-12-19 13:31:29] local.ERROR: Job Run Error: ["error"] 
[2018-12-19 13:32:28] local.ERROR: Job Run Error: ["error"] 
[2018-12-19 13:32:29] local.ERROR: Job Run Error: ["error"] 
[2018-12-19 13:32:29] local.ERROR: Job Run Error: ["error"] 
[2018-12-19 13:33:28] local.ERROR: Job Run Error: ["error"] 
[2018-12-19 13:33:29] local.ERROR: Job Run Error: ["error"] 
[2018-12-19 13:33:29] local.ERROR: Job Run Error: ["error"] 
[2018-12-19 13:34:28] local.ERROR: Job Run Error: ["error"] 
[2018-12-19 13:34:29] local.ERROR: Job Run Error: ["error"] 
[2018-12-19 13:34:29] local.ERROR: Job Run Error: ["error"] 
[2018-12-19 13:35:28] local.ERROR: Job Run Error: ["error"] 
[2018-12-19 13:35:29] local.ERROR: Job Run Error: ["error"] 
[2018-12-19 13:35:29] local.ERROR: Job Run Error: ["error"] 
[2018-12-19 13:36:28] local.ERROR: Job Run Error: ["error"] 
[2018-12-19 13:36:29] local.ERROR: Job Run Error: ["error"] 
[2018-12-19 13:36:29] local.ERROR: Job Run Error: ["error"] 
[2018-12-19 13:36:38] local.INFO: Request: {"class":"Admin","method":"queue"} 
[2018-12-19 13:36:38] local.INFO: User_Agent: {"QUERY_STRING":"","REQUEST_METHOD":"GET","REQUEST_URI":"/Admin/queue","SERVER_PROTOCOL":"HTTP/1.1","SERVER_SOFTWARE":"workerman/3.5.16","SERVER_NAME":"127.0.0.1","HTTP_HOST":"127.0.0.1:8282","HTTP_USER_AGENT":"Mozilla/5.0 (Windows NT 6.1; Win64; x64) AppleWebKit/537.36 (KHTML, like Gecko) Chrome/70.0.3538.110 Safari/537.36","HTTP_ACCEPT":"text/html,application/xhtml+xml,application/xml;q=0.9,image/webp,image/apng,*/*;q=0.8","HTTP_ACCEPT_LANGUAGE":"zh-CN,zh;q=0.9","HTTP_ACCEPT_ENCODING":"gzip, deflate, br","HTTP_COOKIE":"","HTTP_CONNECTION":"keep-alive","CONTENT_TYPE":"","REMOTE_ADDR":"127.0.0.1","REMOTE_PORT":52047,"REQUEST_TIME":1545226598,"SERVER_PORT":"8282","HTTP_CACHE_CONTROL":"max-age=0","HTTP_UPGRADE_INSECURE_REQUESTS":"1"} 
[2018-12-19 13:36:38] local.INFO: Params:  
[2018-12-19 13:36:38] local.ERROR: Job Run Error: ["error"] 
[2018-12-19 13:36:38] local.INFO: Response: {"code":200,"message":"成功"} 
[2018-12-19 13:37:28] local.ERROR: Job Run Error: ["error"] 
[2018-12-19 13:37:29] local.ERROR: Job Run Error: ["error"] 
[2018-12-19 13:37:29] local.ERROR: Job Run Error: ["error"] 
[2018-12-19 13:37:38] local.ERROR: Job Run Error: ["error"] 
[2018-12-19 13:38:28] local.ERROR: Job Run Error: ["error"] 
[2018-12-19 13:38:29] local.ERROR: Job Run Error: ["error"] 
[2018-12-19 13:38:29] local.ERROR: Job Run Error: ["error"] 
[2018-12-19 13:38:38] local.ERROR: Job Run Error: ["error"] 
[2018-12-19 13:39:28] local.ERROR: Job Run Error: ["error"] 
[2018-12-19 13:39:29] local.ERROR: Job Run Error: ["error"] 
[2018-12-19 13:39:29] local.ERROR: Job Run Error: ["error"] 
[2018-12-19 13:39:38] local.ERROR: Job Run Error: ["error"] 
[2018-12-19 13:40:28] local.ERROR: Job Run Error: ["error"] 
[2018-12-19 13:40:29] local.ERROR: Job Run Error: ["error"] 
[2018-12-19 13:40:29] local.ERROR: Job Run Error: ["error"] 
[2018-12-19 13:40:38] local.ERROR: Job Run Error: ["error"] 
[2018-12-19 13:41:28] local.ERROR: Job Run Error: ["error"] 
[2018-12-19 13:41:29] local.ERROR: Job Run Error: ["error"] 
[2018-12-19 13:41:29] local.ERROR: Job Run Error: ["error"] 
[2018-12-19 13:41:38] local.ERROR: Job Run Error: ["error"] 
[2018-12-19 13:42:28] local.ERROR: Job Run Error: ["error"] 
[2018-12-19 13:42:29] local.ERROR: Job Run Error: ["error"] 
[2018-12-19 13:42:29] local.ERROR: Job Run Error: ["error"] 
[2018-12-19 13:42:38] local.ERROR: Job Run Error: ["error"] 
